#
# A fatal error has been detected by the Java Runtime Environment:
#
#  Internal Error (javaClasses.cpp:136), pid=6110, tid=3062537024
#  fatal error: Invalid layout of preloaded class
#
# JRE version:  (7.0_55-b13) (build )
# Java VM: Java HotSpot(TM) Server VM (24.55-b03 mixed mode linux-x86 )
# Failed to write core dump. Core dumps have been disabled. To enable core dumping, try "ulimit -c unlimited" before starting Java again
#
# If you would like to submit a bug report, please visit:
#   http://bugreport.sun.com/bugreport/crash.jsp
#

---------------  T H R E A D  ---------------

Current thread (0xb6707800):  JavaThread "Unknown thread" [_thread_in_vm, id=6115, stack(0xb6859000,0xb68aa000)]

Stack: [0xb6859000,0xb68aa000],  sp=0xb68a8d80,  free space=319k
Native frames: (J=compiled Java code, j=interpreted, Vv=VM code, C=native code)
V  [libjvm.so+0x7dcc36]  VMError::report_and_die()+0x1a6
V  [libjvm.so+0x33a95c]  report_fatal(char const*, int, char const*)+0x4c
V  [libjvm.so+0x484dfe]  compute_offset(int&, klassOopDesc*, Symbol*, Symbol*, bool)+0x10e
V  [libjvm.so+0x487154]  java_lang_String::compute_offsets()+0x44
V  [libjvm.so+0x76a13d]  SystemDictionary::initialize_preloaded_classes(Thread*)+0x22d
V  [libjvm.so+0x7b2b60]  Universe::genesis(Thread*)+0x410
V  [libjvm.so+0x7b2fcf]  universe2_init()+0x1f
V  [libjvm.so+0x44a050]  init_globals()+0xa0
V  [libjvm.so+0x79b010]  Threads::create_vm(JavaVMInitArgs*, bool*)+0x200
V  [libjvm.so+0x4bc1cc]  JNI_CreateJavaVM+0x5c
C  [libjli.so+0x2668]  JavaMain+0x98
C  [libpthread.so.0+0x6d4c]  start_thread+0xcc


---------------  P R O C E S S  ---------------

Java Threads: ( => current thread )

Other Threads:

=>0xb6707800 (exited) JavaThread "Unknown thread" [_thread_in_vm, id=6115, stack(0xb6859000,0xb68aa000)]

VM state:not at safepoint (not fully initialized)

VM Mutex/Monitor currently owned by a thread: None

GC Heap History (0 events):
No events

Deoptimization events (0 events):
No events

Internal exceptions (0 events):
No events

Events (10 events):
Event: 0.006 loading class 0x6d2e3670 done
Event: 0.006 loading class 0x6d2e3100 done
Event: 0.006 loading class 0x6d2e30e0
Event: 0.006 loading class 0x6d2ea408
Event: 0.006 loading class 0x6d2ea408 done
Event: 0.006 loading class 0x6d2ea438
Event: 0.006 loading class 0x6d2ea438 done
Event: 0.006 loading class 0x6d2ea468
Event: 0.006 loading class 0x6d2ea468 done
Event: 0.006 loading class 0x6d2e30e0 done


Dynamic libraries:
08048000-08049000 r-xp 00000000 08:09 398547     /usr/lib/jvm/java-7-oracle/bin/java
08049000-0804a000 rw-p 00000000 08:09 398547     /usr/lib/jvm/java-7-oracle/bin/java
09f82000-09fa3000 rw-p 00000000 00:00 0          [heap]
6cff3000-6d20c000 rw-p 00000000 00:00 0 
6d20c000-6d2e3000 r--s 013f2000 08:09 1728186    /home/boss/.android-sdk-linux/platforms/android-19/android.jar
6d2e3000-6f900000 rw-p 00000000 00:00 0 
6f900000-6f921000 rw-p 00000000 00:00 0 
6f921000-6fa00000 ---p 00000000 00:00 0 
6fa7f000-6fa80000 ---p 00000000 00:00 0 
6fa80000-6fb00000 rw-p 00000000 00:00 0          [stack:6119]
6fb00000-6fb21000 rw-p 00000000 00:00 0 
6fb21000-6fc00000 ---p 00000000 00:00 0 
6fc00000-6fc21000 rw-p 00000000 00:00 0 
6fc21000-6fd00000 ---p 00000000 00:00 0 
6fd7f000-6fd80000 ---p 00000000 00:00 0 
6fd80000-6fe00000 rw-p 00000000 00:00 0          [stack:6118]
6fe00000-6fe21000 rw-p 00000000 00:00 0 
6fe21000-6ff00000 ---p 00000000 00:00 0 
6ff32000-6ff73000 rw-p 00000000 00:00 0 
6ff73000-6ff74000 ---p 00000000 00:00 0 
6ff74000-6fff4000 rw-p 00000000 00:00 0          [stack:6117]
6fff4000-6fff5000 ---p 00000000 00:00 0 
6fff5000-7007d000 rw-p 00000000 00:00 0          [stack:6116]
7007d000-70095000 rw-p 00000000 00:00 0 
70095000-700aa000 rw-p 00000000 00:00 0 
700aa000-701e6000 rw-p 00000000 00:00 0 
701e6000-701ee000 rw-p 00000000 00:00 0 
701ee000-70206000 rw-p 00000000 00:00 0 
70206000-7021b000 rw-p 00000000 00:00 0 
7021b000-70356000 rw-p 00000000 00:00 0 
70356000-70362000 rw-p 00000000 00:00 0 
70362000-703ff000 rw-p 00000000 00:00 0 
703ff000-71400000 rw-p 00000000 00:00 0 
71400000-74400000 rw-p 00000000 00:00 0 
74400000-76e00000 rw-p 00000000 00:00 0 
76e00000-9e540000 rw-p 00000000 00:00 0 
9e540000-9fa40000 rw-p 00000000 00:00 0 
9fa40000-b3600000 rw-p 00000000 00:00 0 
b360d000-b3616000 rw-p 00000000 00:00 0 
b3616000-b36cd000 rw-p 00000000 00:00 0 
b36cd000-b390d000 rwxp 00000000 00:00 0 
b390d000-b66cd000 rw-p 00000000 00:00 0 
b66cd000-b66d8000 r-xp 00000000 08:09 793982     /lib/i386-linux-gnu/libnss_files-2.15.so
b66d8000-b66d9000 r--p 0000a000 08:09 793982     /lib/i386-linux-gnu/libnss_files-2.15.so
b66d9000-b66da000 rw-p 0000b000 08:09 793982     /lib/i386-linux-gnu/libnss_files-2.15.so
b66da000-b66e4000 r-xp 00000000 08:09 793759     /lib/i386-linux-gnu/libnss_nis-2.15.so
b66e4000-b66e5000 r--p 00009000 08:09 793759     /lib/i386-linux-gnu/libnss_nis-2.15.so
b66e5000-b66e6000 rw-p 0000a000 08:09 793759     /lib/i386-linux-gnu/libnss_nis-2.15.so
b66e6000-b66fc000 r-xp 00000000 08:09 793341     /lib/i386-linux-gnu/libnsl-2.15.so
b66fc000-b66fd000 r--p 00015000 08:09 793341     /lib/i386-linux-gnu/libnsl-2.15.so
b66fd000-b66fe000 rw-p 00016000 08:09 793341     /lib/i386-linux-gnu/libnsl-2.15.so
b66fe000-b6700000 rw-p 00000000 00:00 0 
b6700000-b675e000 rw-p 00000000 00:00 0 
b675e000-b6800000 ---p 00000000 00:00 0 
b680a000-b680b000 rw-p 00000000 00:00 0 
b680b000-b6812000 r-xp 00000000 08:09 793978     /lib/i386-linux-gnu/libnss_compat-2.15.so
b6812000-b6813000 r--p 00006000 08:09 793978     /lib/i386-linux-gnu/libnss_compat-2.15.so
b6813000-b6814000 rw-p 00007000 08:09 793978     /lib/i386-linux-gnu/libnss_compat-2.15.so
b6814000-b682b000 r-xp 00000000 08:09 415592     /usr/lib/jvm/java-7-oracle/jre/lib/i386/libzip.so
b682b000-b682c000 rw-p 00017000 08:09 415592     /usr/lib/jvm/java-7-oracle/jre/lib/i386/libzip.so
b682c000-b684f000 r-xp 00000000 08:09 415634     /usr/lib/jvm/java-7-oracle/jre/lib/i386/libjava.so
b684f000-b6850000 rw-p 00022000 08:09 415634     /usr/lib/jvm/java-7-oracle/jre/lib/i386/libjava.so
b6850000-b6857000 r-xp 00000000 08:09 793939     /lib/i386-linux-gnu/librt-2.15.so
b6857000-b6858000 r--p 00006000 08:09 793939     /lib/i386-linux-gnu/librt-2.15.so
b6858000-b6859000 rw-p 00007000 08:09 793939     /lib/i386-linux-gnu/librt-2.15.so
b6859000-b685c000 ---p 00000000 00:00 0 
b685c000-b68aa000 rw-p 00000000 00:00 0          [stack:6115]
b68aa000-b68d4000 r-xp 00000000 08:09 793994     /lib/i386-linux-gnu/libm-2.15.so
b68d4000-b68d5000 r--p 00029000 08:09 793994     /lib/i386-linux-gnu/libm-2.15.so
b68d5000-b68d6000 rw-p 0002a000 08:09 793994     /lib/i386-linux-gnu/libm-2.15.so
b68d6000-b714d000 r-xp 00000000 08:09 415639     /usr/lib/jvm/java-7-oracle/jre/lib/i386/server/libjvm.so
b714d000-b71b1000 rw-p 00877000 08:09 415639     /usr/lib/jvm/java-7-oracle/jre/lib/i386/server/libjvm.so
b71b1000-b75d5000 rw-p 00000000 00:00 0 
b75d5000-b7779000 r-xp 00000000 08:09 793627     /lib/i386-linux-gnu/libc-2.15.so
b7779000-b777a000 ---p 001a4000 08:09 793627     /lib/i386-linux-gnu/libc-2.15.so
b777a000-b777c000 r--p 001a4000 08:09 793627     /lib/i386-linux-gnu/libc-2.15.so
b777c000-b777d000 rw-p 001a6000 08:09 793627     /lib/i386-linux-gnu/libc-2.15.so
b777d000-b7780000 rw-p 00000000 00:00 0 
b7780000-b7783000 r-xp 00000000 08:09 793943     /lib/i386-linux-gnu/libdl-2.15.so
b7783000-b7784000 r--p 00002000 08:09 793943     /lib/i386-linux-gnu/libdl-2.15.so
b7784000-b7785000 rw-p 00003000 08:09 793943     /lib/i386-linux-gnu/libdl-2.15.so
b7785000-b7798000 r-xp 00000000 08:09 414827     /usr/lib/jvm/java-7-oracle/lib/i386/jli/libjli.so
b7798000-b7799000 rw-p 00012000 08:09 414827     /usr/lib/jvm/java-7-oracle/lib/i386/jli/libjli.so
b7799000-b779a000 rw-p 00000000 00:00 0 
b779a000-b77b1000 r-xp 00000000 08:09 793945     /lib/i386-linux-gnu/libpthread-2.15.so
b77b1000-b77b2000 r--p 00016000 08:09 793945     /lib/i386-linux-gnu/libpthread-2.15.so
b77b2000-b77b3000 rw-p 00017000 08:09 793945     /lib/i386-linux-gnu/libpthread-2.15.so
b77b3000-b77b6000 rw-p 00000000 00:00 0 
b77b6000-b77b7000 rw-p 00000000 00:00 0 
b77b7000-b77bf000 rw-s 00000000 08:09 262232     /tmp/hsperfdata_boss/6110
b77bf000-b77c0000 rw-p 00000000 00:00 0 
b77c0000-b77c1000 r--p 00000000 00:00 0 
b77c1000-b77cc000 r-xp 00000000 08:09 415624     /usr/lib/jvm/java-7-oracle/jre/lib/i386/libverify.so
b77cc000-b77cd000 rw-p 0000b000 08:09 415624     /usr/lib/jvm/java-7-oracle/jre/lib/i386/libverify.so
b77cd000-b77cf000 rw-p 00000000 00:00 0 
b77cf000-b77d0000 r-xp 00000000 00:00 0          [vdso]
b77d0000-b77f0000 r-xp 00000000 08:09 793983     /lib/i386-linux-gnu/ld-2.15.so
b77f0000-b77f1000 r--p 0001f000 08:09 793983     /lib/i386-linux-gnu/ld-2.15.so
b77f1000-b77f2000 rw-p 00020000 08:09 793983     /lib/i386-linux-gnu/ld-2.15.so
bf93a000-bf95b000 rw-p 00000000 00:00 0          [stack]

VM Arguments:
jvm_args: -Dfile.encoding=UTF-8 -Xbootclasspath:/home/boss/.android-sdk-linux/platforms/android-19/android.jar 
java_command: org.eclipse.jdt.internal.junit.runner.RemoteTestRunner -version 3 -port 35729 -testLoaderClass org.eclipse.jdt.internal.junit.runner.junit3.JUnit3TestLoader -loaderpluginname org.eclipse.jdt.junit.runtime -classNames com.example.masterappsagenda.Testing
Launcher Type: SUN_STANDARD

Environment Variables:
JAVA_HOME=/usr/lib/jvm/java-7-oracle
PATH=/usr/local/sbin:/usr/local/bin:/usr/sbin:/usr/bin:/sbin:/bin:/usr/games:/usr/local/games:/usr/lib/jvm/java-7-oracle/bin:/usr/lib/jvm/java-7-oracle/db/bin:/usr/lib/jvm/java-7-oracle/jre/bin
USERNAME=boss
LD_LIBRARY_PATH=/usr/lib/jvm/java-7-oracle/jre/lib/i386/server:/usr/lib/jvm/java-7-oracle/jre/lib/i386:/usr/lib/jvm/java-7-oracle/jre/../lib/i386:/usr/lib/jvm/java-7-oracle/jre/lib/i386/client:/usr/lib/jvm/java-7-oracle/jre/lib/i386:
SHELL=/bin/bash
DISPLAY=:0

Signal Handlers:
SIGSEGV: [libjvm.so+0x7dd750], sa_mask[0]=0x7ffbfeff, sa_flags=0x10000004
SIGBUS: [libjvm.so+0x7dd750], sa_mask[0]=0x7ffbfeff, sa_flags=0x10000004
SIGFPE: [libjvm.so+0x678ec0], sa_mask[0]=0x7ffbfeff, sa_flags=0x10000004
SIGPIPE: [libjvm.so+0x678ec0], sa_mask[0]=0x7ffbfeff, sa_flags=0x10000004
SIGXFSZ: [libjvm.so+0x678ec0], sa_mask[0]=0x7ffbfeff, sa_flags=0x10000004
SIGILL: [libjvm.so+0x678ec0], sa_mask[0]=0x7ffbfeff, sa_flags=0x10000004
SIGUSR1: SIG_DFL, sa_mask[0]=0x00000000, sa_flags=0x00000000
SIGUSR2: [libjvm.so+0x67a3b0], sa_mask[0]=0x00000004, sa_flags=0x10000004
SIGHUP: SIG_DFL, sa_mask[0]=0x00000000, sa_flags=0x00000000
SIGINT: SIG_DFL, sa_mask[0]=0x00000000, sa_flags=0x00000000
SIGTERM: SIG_DFL, sa_mask[0]=0x00000000, sa_flags=0x00000000
SIGQUIT: SIG_DFL, sa_mask[0]=0x00000000, sa_flags=0x00000000


---------------  S Y S T E M  ---------------

OS:wheezy/sid

uname:Linux 3.5.0-17-generic #28-Ubuntu SMP Tue Oct 9 19:32:08 UTC 2012 i686
libc:glibc 2.15 NPTL 2.15 
rlimit: STACK 8192k, CORE 0k, NPROC 32174, NOFILE 4096, AS infinity
load average:0.48 0.31 0.30

/proc/meminfo:
MemTotal:        4133744 kB
MemFree:         1408172 kB
Buffers:          501748 kB
Cached:          1085300 kB
SwapCached:            0 kB
Active:          1474616 kB
Inactive:        1023944 kB
Active(anon):     913084 kB
Inactive(anon):    11568 kB
Active(file):     561532 kB
Inactive(file):  1012376 kB
Unevictable:           0 kB
Mlocked:               0 kB
HighTotal:       3280392 kB
HighFree:        1182560 kB
LowTotal:         853352 kB
LowFree:          225612 kB
SwapTotal:       2097148 kB
SwapFree:        2097148 kB
Dirty:               248 kB
Writeback:             0 kB
AnonPages:        911716 kB
Mapped:           151988 kB
Shmem:             13208 kB
Slab:             108804 kB
SReclaimable:      69664 kB
SUnreclaim:        39140 kB
KernelStack:        3584 kB
PageTables:         9100 kB
NFS_Unstable:          0 kB
Bounce:                0 kB
WritebackTmp:          0 kB
CommitLimit:     4164020 kB
Committed_AS:    3160460 kB
VmallocTotal:     122880 kB
VmallocUsed:       16236 kB
VmallocChunk:     104520 kB
HardwareCorrupted:     0 kB
AnonHugePages:         0 kB
HugePages_Total:       0
HugePages_Free:        0
HugePages_Rsvd:        0
HugePages_Surp:        0
Hugepagesize:       2048 kB
DirectMap4k:        8184 kB
DirectMap2M:      905216 kB


CPU:total 4 (4 cores per cpu, 1 threads per core) family 6 model 23 stepping 7, cmov, cx8, fxsr, mmx, sse, sse2, sse3, ssse3, sse4.1, tsc

/proc/cpuinfo:
processor	: 0
vendor_id	: GenuineIntel
cpu family	: 6
model		: 23
model name	: Intel(R) Core(TM)2 Quad  CPU   Q9450  @ 2.66GHz
stepping	: 7
microcode	: 0x705
cpu MHz		: 3159.818
cache size	: 6144 KB
physical id	: 0
siblings	: 4
core id		: 0
cpu cores	: 4
apicid		: 0
initial apicid	: 0
fdiv_bug	: no
hlt_bug		: no
f00f_bug	: no
coma_bug	: no
fpu		: yes
fpu_exception	: yes
cpuid level	: 10
wp		: yes
flags		: fpu vme de pse tsc msr pae mce cx8 apic sep mtrr pge mca cmov pat pse36 clflush dts acpi mmx fxsr sse sse2 ss ht tm pbe nx lm constant_tsc arch_perfmon pebs bts aperfmperf pni dtes64 monitor ds_cpl vmx smx est tm2 ssse3 cx16 xtpr pdcm sse4_1 lahf_lm dtherm tpr_shadow vnmi flexpriority
bogomips	: 6319.63
clflush size	: 64
cache_alignment	: 64
address sizes	: 36 bits physical, 48 bits virtual
power management:

processor	: 1
vendor_id	: GenuineIntel
cpu family	: 6
model		: 23
model name	: Intel(R) Core(TM)2 Quad  CPU   Q9450  @ 2.66GHz
stepping	: 7
microcode	: 0x705
cpu MHz		: 3159.818
cache size	: 6144 KB
physical id	: 0
siblings	: 4
core id		: 1
cpu cores	: 4
apicid		: 1
initial apicid	: 1
fdiv_bug	: no
hlt_bug		: no
f00f_bug	: no
coma_bug	: no
fpu		: yes
fpu_exception	: yes
cpuid level	: 10
wp		: yes
flags		: fpu vme de pse tsc msr pae mce cx8 apic sep mtrr pge mca cmov pat pse36 clflush dts acpi mmx fxsr sse sse2 ss ht tm pbe nx lm constant_tsc arch_perfmon pebs bts aperfmperf pni dtes64 monitor ds_cpl vmx smx est tm2 ssse3 cx16 xtpr pdcm sse4_1 lahf_lm dtherm tpr_shadow vnmi flexpriority
bogomips	: 6319.63
clflush size	: 64
cache_alignment	: 64
address sizes	: 36 bits physical, 48 bits virtual
power management:

processor	: 2
vendor_id	: GenuineIntel
cpu family	: 6
model		: 23
model name	: Intel(R) Core(TM)2 Quad  CPU   Q9450  @ 2.66GHz
stepping	: 7
microcode	: 0x705
cpu MHz		: 3159.818
cache size	: 6144 KB
physical id	: 0
siblings	: 4
core id		: 2
cpu cores	: 4
apicid		: 2
initial apicid	: 2
fdiv_bug	: no
hlt_bug		: no
f00f_bug	: no
coma_bug	: no
fpu		: yes
fpu_exception	: yes
cpuid level	: 10
wp		: yes
flags		: fpu vme de pse tsc msr pae mce cx8 apic sep mtrr pge mca cmov pat pse36 clflush dts acpi mmx fxsr sse sse2 ss ht tm pbe nx lm constant_tsc arch_perfmon pebs bts aperfmperf pni dtes64 monitor ds_cpl vmx smx est tm2 ssse3 cx16 xtpr pdcm sse4_1 lahf_lm dtherm tpr_shadow vnmi flexpriority
bogomips	: 6319.63
clflush size	: 64
cache_alignment	: 64
address sizes	: 36 bits physical, 48 bits virtual
power management:

processor	: 3
vendor_id	: GenuineIntel
cpu family	: 6
model		: 23
model name	: Intel(R) Core(TM)2 Quad  CPU   Q9450  @ 2.66GHz
stepping	: 7
microcode	: 0x705
cpu MHz		: 3159.818
cache size	: 6144 KB
physical id	: 0
siblings	: 4
core id		: 3
cpu cores	: 4
apicid		: 3
initial apicid	: 3
fdiv_bug	: no
hlt_bug		: no
f00f_bug	: no
coma_bug	: no
fpu		: yes
fpu_exception	: yes
cpuid level	: 10
wp		: yes
flags		: fpu vme de pse tsc msr pae mce cx8 apic sep mtrr pge mca cmov pat pse36 clflush dts acpi mmx fxsr sse sse2 ss ht tm pbe nx lm constant_tsc arch_perfmon pebs bts aperfmperf pni dtes64 monitor ds_cpl vmx smx est tm2 ssse3 cx16 xtpr pdcm sse4_1 lahf_lm dtherm tpr_shadow vnmi flexpriority
bogomips	: 6319.63
clflush size	: 64
cache_alignment	: 64
address sizes	: 36 bits physical, 48 bits virtual
power management:



Memory: 4k page, physical 4133744k(1408172k free), swap 2097148k(2097148k free)

vm_info: Java HotSpot(TM) Server VM (24.55-b03) for linux-x86 JRE (1.7.0_55-b13), built on Mar 17 2014 19:41:29 by "java_re" with gcc 4.3.0 20080428 (Red Hat 4.3.0-8)

time: Wed May 21 14:40:35 2014
elapsed time: 0 seconds

